c:\users\administrator\source\repos\wechat6.3\wechat6.3\release\wechat6.3.pch
c:\users\administrator\source\repos\wechat6.3\wechat6.3\release\vc141.pdb
c:\users\administrator\source\repos\wechat6.3\wechat6.3\release\pch.obj
c:\users\administrator\source\repos\wechat6.3\wechat6.3\release\wechat6.3.obj
c:\users\administrator\source\repos\wechat6.3\wechat6.3\release\kbhook.obj
c:\users\administrator\source\repos\wechat6.3\release\wechat6.3.exe
c:\users\administrator\source\repos\wechat6.3\release\wechat6.3.pdb
c:\users\administrator\source\repos\wechat6.3\wechat6.3\release\wechat6.3.res
c:\users\administrator\source\repos\wechat6.3\release\wechat6.3.ipdb
c:\users\administrator\source\repos\wechat6.3\release\wechat6.3.iobj
c:\users\administrator\source\repos\wechat6.3\wechat6.3\release\wechat6.3.tlog\cl.command.1.tlog
c:\users\administrator\source\repos\wechat6.3\wechat6.3\release\wechat6.3.tlog\cl.read.1.tlog
c:\users\administrator\source\repos\wechat6.3\wechat6.3\release\wechat6.3.tlog\cl.write.1.tlog
c:\users\administrator\source\repos\wechat6.3\wechat6.3\release\wechat6.3.tlog\link.command.1.tlog
c:\users\administrator\source\repos\wechat6.3\wechat6.3\release\wechat6.3.tlog\link.read.1.tlog
c:\users\administrator\source\repos\wechat6.3\wechat6.3\release\wechat6.3.tlog\link.write.1.tlog
c:\users\administrator\source\repos\wechat6.3\wechat6.3\release\wechat6.3.tlog\rc.command.1.tlog
c:\users\administrator\source\repos\wechat6.3\wechat6.3\release\wechat6.3.tlog\rc.read.1.tlog
c:\users\administrator\source\repos\wechat6.3\wechat6.3\release\wechat6.3.tlog\rc.write.1.tlog
c:\users\administrator\source\repos\wechat6.3\wechat6.3\release\wechat6.3.tlog\wechat6.3.write.1u.tlog
